<?xml version="1.0" encoding="UTF-8"?>
<testng-results ignored="0" total="2" passed="2" failed="0" skipped="0">
  <reporter-output>
  </reporter-output>
  <suite started-at="2024-03-20T22:26:32 IST" name="Suite" finished-at="2024-03-20T22:26:40 IST" duration-ms="7607">
    <groups>
      <group name="regression">
        <method signature="TC_001AccountRegisterPage.verify_account_registration()[pri:0, instance:testCases.TC_001AccountRegisterPage@7e07db1f]" name="verify_account_registration" class="testCases.TC_001AccountRegisterPage"/>
      </group> <!-- regression -->
      <group name="sanity">
        <method signature="TC_002LoginTest.verify_Login()[pri:0, instance:testCases.TC_002LoginTest@8f4ea7c]" name="verify_Login" class="testCases.TC_002LoginTest"/>
      </group> <!-- sanity -->
      <group name="master">
        <method signature="TC_001AccountRegisterPage.verify_account_registration()[pri:0, instance:testCases.TC_001AccountRegisterPage@7e07db1f]" name="verify_account_registration" class="testCases.TC_001AccountRegisterPage"/>
        <method signature="TC_002LoginTest.verify_Login()[pri:0, instance:testCases.TC_002LoginTest@8f4ea7c]" name="verify_Login" class="testCases.TC_002LoginTest"/>
      </group> <!-- master -->
    </groups>
    <test started-at="2024-03-20T22:26:32 IST" name="Test" finished-at="2024-03-20T22:26:40 IST" duration-ms="7607">
      <class name="testCases.TC_001AccountRegisterPage">
        <test-method is-config="true" signature="setup(java.lang.String,java.lang.String)[pri:0, instance:testCases.TC_001AccountRegisterPage@7e07db1f]" started-at="2024-03-20T22:26:32 IST" name="setup" finished-at="2024-03-20T22:26:35 IST" duration-ms="2803" status="PASS">
          <params>
            <param index="0">
              <value>
                <![CDATA[Windows]]>
              </value>
            </param>
            <param index="1">
              <value>
                <![CDATA[chrome]]>
              </value>
            </param>
          </params>
          <reporter-output>
          </reporter-output>
        </test-method> <!-- setup -->
        <test-method signature="verify_account_registration()[pri:0, instance:testCases.TC_001AccountRegisterPage@7e07db1f]" started-at="2024-03-20T22:26:35 IST" name="verify_account_registration" finished-at="2024-03-20T22:26:37 IST" duration-ms="1583" status="PASS">
          <reporter-output>
          </reporter-output>
        </test-method> <!-- verify_account_registration -->
        <test-method is-config="true" signature="tearDown()[pri:0, instance:testCases.TC_001AccountRegisterPage@7e07db1f]" started-at="2024-03-20T22:26:37 IST" name="tearDown" finished-at="2024-03-20T22:26:37 IST" duration-ms="95" status="PASS">
          <reporter-output>
          </reporter-output>
        </test-method> <!-- tearDown -->
      </class> <!-- testCases.TC_001AccountRegisterPage -->
      <class name="testCases.TC_002LoginTest">
        <test-method is-config="true" signature="setup(java.lang.String,java.lang.String)[pri:0, instance:testCases.TC_002LoginTest@8f4ea7c]" started-at="2024-03-20T22:26:37 IST" name="setup" finished-at="2024-03-20T22:26:39 IST" duration-ms="1873" status="PASS">
          <params>
            <param index="0">
              <value>
                <![CDATA[Windows]]>
              </value>
            </param>
            <param index="1">
              <value>
                <![CDATA[chrome]]>
              </value>
            </param>
          </params>
          <reporter-output>
          </reporter-output>
        </test-method> <!-- setup -->
        <test-method signature="verify_Login()[pri:0, instance:testCases.TC_002LoginTest@8f4ea7c]" started-at="2024-03-20T22:26:39 IST" name="verify_Login" finished-at="2024-03-20T22:26:40 IST" duration-ms="922" status="PASS">
          <reporter-output>
          </reporter-output>
        </test-method> <!-- verify_Login -->
        <test-method is-config="true" signature="tearDown()[pri:0, instance:testCases.TC_002LoginTest@8f4ea7c]" started-at="2024-03-20T22:26:40 IST" name="tearDown" finished-at="2024-03-20T22:26:40 IST" duration-ms="97" status="PASS">
          <reporter-output>
          </reporter-output>
        </test-method> <!-- tearDown -->
      </class> <!-- testCases.TC_002LoginTest -->
    </test> <!-- Test -->
  </suite> <!-- Suite -->
</testng-results>
