<?xml version="1.0" encoding="UTF-8"?>
<testng-results ignored="0" total="1" passed="1" failed="0" skipped="0">
  <reporter-output>
  </reporter-output>
  <suite started-at="2024-04-02T15:03:57 IST" name="Suite" finished-at="2024-04-02T15:04:07 IST" duration-ms="9638">
    <groups>
      <group name="regression">
        <method signature="TC_005FlightAccount.verify_account_registration()[pri:0, instance:testCases.TC_005FlightAccount@6c1a5b54]" name="verify_account_registration" class="testCases.TC_005FlightAccount"/>
      </group> <!-- regression -->
      <group name="master">
        <method signature="TC_005FlightAccount.verify_account_registration()[pri:0, instance:testCases.TC_005FlightAccount@6c1a5b54]" name="verify_account_registration" class="testCases.TC_005FlightAccount"/>
      </group> <!-- master -->
    </groups>
    <test started-at="2024-04-02T15:03:57 IST" name="Test" finished-at="2024-04-02T15:04:07 IST" duration-ms="9638">
      <class name="testCases.TC_005FlightAccount">
        <test-method is-config="true" signature="setup(java.lang.String,java.lang.String)[pri:0, instance:testCases.TC_005FlightAccount@6c1a5b54]" started-at="2024-04-02T15:03:58 IST" name="setup" finished-at="2024-04-02T15:04:05 IST" duration-ms="7239" status="PASS">
          <params>
            <param index="0">
              <value>
                <![CDATA[Windows]]>
              </value>
            </param>
            <param index="1">
              <value>
                <![CDATA[chrome]]>
              </value>
            </param>
          </params>
          <reporter-output>
          </reporter-output>
        </test-method> <!-- setup -->
        <test-method signature="verify_account_registration()[pri:0, instance:testCases.TC_005FlightAccount@6c1a5b54]" started-at="2024-04-02T15:04:05 IST" name="verify_account_registration" finished-at="2024-04-02T15:04:07 IST" duration-ms="1673" status="PASS">
          <reporter-output>
          </reporter-output>
        </test-method> <!-- verify_account_registration -->
        <test-method is-config="true" signature="tearDown()[pri:0, instance:testCases.TC_005FlightAccount@6c1a5b54]" started-at="2024-04-02T15:04:07 IST" name="tearDown" finished-at="2024-04-02T15:04:07 IST" duration-ms="166" status="PASS">
          <reporter-output>
          </reporter-output>
        </test-method> <!-- tearDown -->
      </class> <!-- testCases.TC_005FlightAccount -->
    </test> <!-- Test -->
  </suite> <!-- Suite -->
</testng-results>
